\BOOKMARK [1][-]{section.1}{\376\377\000I\000n\000t\000r\000o\000d\000u\000c\000t\000i\000o\000n}{}% 1
\BOOKMARK [1][-]{section.2}{\376\377\000P\000r\000e\000l\000i\000m\000i\000n\000a\000r\000i\000e\000s\000\040\000a\000n\000d\000\040\000n\000o\000t\000a\000t\000i\000o\000n}{}% 2
\BOOKMARK [1][-]{section.3}{\376\377\000T\000h\000e\000\040\000c\000o\000n\000v\000e\000r\000g\000e\000n\000c\000e\000\040\000o\000f\000\040\000n\000e\000u\000r\000a\000l\000\040\000n\000e\000t\000w\000o\000r\000k\000\040\000t\000r\000a\000i\000n\000i\000n\000g\000\040\000w\000i\000t\000h\000\040\000a\000\040\000g\000e\000n\000e\000r\000a\000l\000\040\000l\000o\000s\000s\000\040\000f\000u\000n\000c\000t\000i\000o\000n}{}% 3
\BOOKMARK [1][-]{section.4}{\376\377\000F\000r\000e\000q\000u\000e\000n\000c\000y\000\040\000b\000i\000a\000s\000i\000n\000g\000\040\000w\000i\000t\000h\000\040\000a\000n\000\040\000L\0002\000-\000b\000a\000s\000e\000d\000\040\000l\000o\000s\000s\000\040\000f\000u\000n\000c\000t\000i\000o\000n}{}% 4
\BOOKMARK [2][-]{subsection.4.1}{\376\377\000A\000\040\000f\000r\000e\000q\000u\000e\000n\000c\000y\000-\000b\000a\000s\000e\000d\000\040\000f\000o\000r\000m\000u\000l\000a\000\040\000f\000o\000r\000\040\000t\000h\000e\000\040\000t\000r\000a\000i\000n\000i\000n\000g\000\040\000e\000r\000r\000o\000r}{section.4}% 5
\BOOKMARK [2][-]{subsection.4.2}{\376\377\000E\000s\000t\000i\000m\000a\000t\000i\000n\000g\000\040\000t\000h\000e\000\040\000q\000u\000a\000d\000r\000a\000t\000u\000r\000e\000\040\000e\000r\000r\000o\000r\000s}{section.4}% 6
\BOOKMARK [1][-]{section.5}{\376\377\000F\000r\000e\000q\000u\000e\000n\000c\000y\000\040\000b\000i\000a\000s\000i\000n\000g\000\040\000w\000i\000t\000h\000\040\000a\000\040\000S\000o\000b\000o\000l\000e\000v\000-\000n\000o\000r\000m\000\040\000l\000o\000s\000s\000\040\000f\000u\000n\000c\000t\000i\000o\000n}{}% 7
\BOOKMARK [1][-]{section.6}{\376\377\000E\000x\000p\000e\000r\000i\000m\000e\000n\000t\000s\000\040\000a\000n\000d\000\040\000d\000i\000s\000c\000u\000s\000s\000i\000o\000n}{}% 8
\BOOKMARK [2][-]{subsection.6.1}{\376\377\000L\000e\000a\000r\000n\000i\000n\000g\000\040\000t\000r\000i\000g\000o\000n\000o\000m\000e\000t\000r\000i\000c\000\040\000p\000o\000l\000y\000n\000o\000m\000i\000a\000l\000s\000\040\000o\000n\000\040\000t\000h\000e\000\040\000u\000n\000i\000t\000\040\000c\000i\000r\000c\000l\000e}{section.6}% 9
\BOOKMARK [2][-]{subsection.6.2}{\376\377\000L\000e\000a\000r\000n\000i\000n\000g\000\040\000s\000p\000h\000e\000r\000i\000c\000a\000l\000\040\000h\000a\000r\000m\000o\000n\000i\000c\000s\000\040\000o\000n\000\040\000t\000h\000e\000\040\000u\000n\000i\000t\000\040\000s\000p\000h\000e\000r\000e}{section.6}% 10
\BOOKMARK [2][-]{subsection.6.3}{\376\377\000A\000u\000t\000o\000e\000n\000c\000o\000d\000e\000r\000\040\000o\000n\000\040\000t\000h\000e\000\040\000M\000N\000I\000S\000T\000\040\000d\000a\000t\000a\000s\000e\000t}{section.6}% 11
\BOOKMARK [1][-]{appendix.A}{\376\377\000P\000r\000e\000l\000i\000m\000i\000n\000a\000r\000i\000e\000s\000\040\000a\000n\000d\000\040\000n\000o\000t\000a\000t\000i\000o\000n}{}% 12
\BOOKMARK [1][-]{appendix.B}{\376\377\000T\000h\000e\000\040\000m\000a\000t\000r\000i\000x\000\040\000H\000\040\000i\000s\000\040\000s\000y\000m\000m\000e\000t\000r\000i\000c\000\040\000a\000n\000d\000\040\000p\000o\000s\000i\000t\000i\000v\000e\000\040\000d\000e\000f\000i\000n\000i\000t\000e}{}% 13
\BOOKMARK [1][-]{appendix.C}{\376\377\000T\000h\000e\000\040\000c\000o\000n\000v\000e\000r\000g\000e\000n\000c\000e\000\040\000o\000f\000\040\000n\000e\000u\000r\000a\000l\000\040\000n\000e\000t\000w\000o\000r\000k\000\040\000t\000r\000a\000i\000n\000i\000n\000g}{}% 14
\BOOKMARK [1][-]{appendix.D}{\376\377\000T\000h\000e\000\040\000t\000h\000e\000o\000r\000y\000\040\000o\000f\000\040\000f\000r\000e\000q\000u\000e\000n\000c\000y\000\040\000b\000i\000a\000s\000i\000n\000g\000\040\000w\000i\000t\000h\000\040\000a\000n\000\040\000L\0002\000-\000b\000a\000s\000e\000d\000\040\000l\000o\000s\000s\000\040\000f\000u\000n\000c\000t\000i\000o\000n}{}% 15
\BOOKMARK [2][-]{subsection.D.1}{\376\377\000A\000\040\000c\000o\000n\000s\000e\000q\000u\000e\000n\000c\000e\000\040\000o\000f\000\040\000t\000h\000m\000.\000d\000e\000c\000o\000u\000p\000l\000e\000d\000m\000a\000i\000n}{appendix.D}% 16
\BOOKMARK [2][-]{subsection.D.2}{\376\377\000F\000r\000e\000q\000u\000e\000n\000c\000y\000\040\000b\000i\000a\000s\000i\000n\000g\000\040\000u\000p\000\040\000t\000o\000\040\000a\000n\000\040\000a\000p\000p\000r\000o\000x\000i\000m\000a\000t\000i\000o\000n\000\040\000e\000r\000r\000o\000r}{appendix.D}% 17
\BOOKMARK [1][-]{appendix.E}{\376\377\000T\000h\000e\000\040\000t\000h\000e\000o\000r\000y\000\040\000o\000f\000\040\000f\000r\000e\000q\000u\000e\000n\000c\000y\000\040\000b\000i\000a\000s\000i\000n\000g\000\040\000w\000i\000t\000h\000\040\000a\000\040\000H\000s\000-\000b\000a\000s\000e\000d\000\040\000l\000o\000s\000s\000\040\000f\000u\000n\000c\000t\000i\000o\000n}{}% 18
\BOOKMARK [2][-]{subsection.E.1}{\376\377\000A\000\040\0002\000-\000l\000a\000y\000e\000r\000\040\000R\000e\000L\000U\000\040\000n\000e\000u\000r\000a\000l\000\040\000n\000e\000t\000w\000o\000r\000k\000\040\000i\000s\000\040\000i\000n\000\040\000H\000s\000\050\000S\000d\000-\0001\000\051\000\040\000f\000o\000r\000\040\000s\000\040\000<\000\040\0003\000/\0002}{appendix.E}% 19
\BOOKMARK [2][-]{subsection.E.2}{\376\377\000F\000r\000e\000q\000u\000e\000n\000c\000y\000\040\000b\000i\000a\000s\000i\000n\000g\000\040\000w\000i\000t\000h\000\040\000a\000\040\000s\000q\000u\000a\000r\000e\000d\000\040\000S\000o\000b\000o\000l\000e\000v\000\040\000n\000o\000r\000m\000\040\000a\000s\000\040\000t\000h\000e\000\040\000l\000o\000s\000s\000\040\000f\000u\000n\000c\000t\000i\000o\000n}{appendix.E}% 20
\BOOKMARK [1][-]{appendix.F}{\376\377\000E\000x\000p\000e\000r\000i\000m\000e\000n\000t\000a\000l\000\040\000d\000e\000t\000a\000i\000l\000s}{}% 21
\BOOKMARK [2][-]{subsection.F.1}{\376\377\000L\000e\000a\000r\000n\000i\000n\000g\000\040\000t\000r\000i\000g\000o\000n\000o\000m\000e\000t\000r\000i\000c\000\040\000p\000o\000l\000y\000n\000o\000m\000i\000a\000l\000s\000\040\000o\000n\000\040\000t\000h\000e\000\040\000u\000n\000i\000t\000\040\000c\000i\000r\000c\000l\000e}{appendix.F}% 22
\BOOKMARK [2][-]{subsection.F.2}{\376\377\000L\000e\000a\000r\000n\000i\000n\000g\000\040\000s\000p\000h\000e\000r\000i\000c\000a\000l\000\040\000h\000a\000r\000m\000o\000n\000i\000c\000s\000\040\000o\000n\000\040\000t\000h\000e\000\040\000u\000n\000i\000t\000\040\000s\000p\000h\000e\000r\000e}{appendix.F}% 23
\BOOKMARK [2][-]{subsection.F.3}{\376\377\000T\000e\000s\000t\000\040\000o\000n\000\040\000A\000u\000t\000o\000e\000n\000c\000o\000d\000e\000r}{appendix.F}% 24
\BOOKMARK [1][-]{appendix.G}{\376\377\000C\000o\000m\000p\000u\000t\000a\000t\000i\000o\000n\000\040\000o\000f\000\040\000Q\000u\000a\000d\000r\000a\000t\000u\000r\000e\000\040\000W\000e\000i\000g\000h\000t\000s}{}% 25
