\BOOKMARK [1][-]{section.1}{\376\377\000I\000n\000t\000r\000o\000d\000u\000c\000t\000i\000o\000n}{}% 1
\BOOKMARK [1][-]{section.2}{\376\377\000P\000r\000e\000l\000i\000m\000i\000n\000a\000r\000y}{}% 2
\BOOKMARK [2][-]{subsection.2.1}{\376\377\000N\000o\000t\000a\000t\000i\000o\000n\000s}{section.2}% 3
\BOOKMARK [2][-]{subsection.2.2}{\376\377\000N\000N\000G\000P\000\040\000a\000n\000d\000\040\000N\000T\000K}{section.2}% 4
\BOOKMARK [2][-]{subsection.2.3}{\376\377\000R\000e\000l\000a\000t\000e\000d\000\040\000S\000t\000u\000d\000i\000e\000s}{section.2}% 5
\BOOKMARK [1][-]{section.3}{\376\377\000T\000h\000e\000\040\000U\000n\000i\000f\000i\000e\000d\000\040\000K\000e\000r\000n\000e\000l}{}% 6
\BOOKMARK [2][-]{subsection.3.1}{\376\377\000I\000n\000i\000t\000i\000a\000l\000i\000z\000a\000t\000i\000o\000n\000\040\000P\000a\000r\000a\000m\000e\000t\000e\000r\000\040\0000}{section.3}% 7
\BOOKMARK [2][-]{subsection.3.2}{\376\377\000E\000p\000o\000c\000h\000-\000r\000e\000l\000a\000t\000e\000d\000\040\000P\000a\000r\000a\000m\000e\000t\000e\000r\000\040\000t\000'}{section.3}% 8
\BOOKMARK [2][-]{subsection.3.3}{\376\377\000P\000r\000o\000o\000f\000\040\000S\000k\000e\000t\000c\000h}{section.3}% 9
\BOOKMARK [1][-]{section.4}{\376\377\000U\000n\000i\000f\000o\000r\000m\000\040\000T\000i\000g\000h\000t\000n\000e\000s\000s\000\040\000a\000n\000d\000\040\000C\000o\000n\000v\000e\000r\000g\000e\000n\000c\000e}{}% 10
\BOOKMARK [2][-]{subsection.4.1}{\376\377\000U\000n\000i\000f\000o\000r\000m\000\040\000T\000i\000g\000h\000t\000n\000e\000s\000s\000\040\000o\000f\000\040\000N\000N\000G\000P\000\050\000d\000\051}{section.4}% 11
\BOOKMARK [2][-]{subsection.4.2}{\376\377\000T\000i\000g\000h\000t\000\040\000B\000o\000u\000n\000d\000\040\000f\000o\000r\000\040\000t\000h\000e\000\040\000S\000m\000a\000l\000l\000e\000s\000t\000\040\000E\000i\000g\000e\000n\000v\000a\000l\000u\000e}{section.4}% 12
\BOOKMARK [1][-]{section.5}{\376\377\000E\000x\000p\000e\000r\000i\000m\000e\000n\000t\000s}{}% 13
\BOOKMARK [2][-]{subsection.5.1}{\376\377\000D\000a\000t\000a\000s\000e\000t\000s\000\040\000a\000n\000d\000\040\000C\000o\000n\000f\000i\000g\000u\000r\000a\000t\000i\000o\000n\000s}{section.5}% 14
\BOOKMARK [2][-]{subsection.5.2}{\376\377\000E\000x\000p\000e\000r\000i\000m\000e\000n\000t\000s\000\040\000f\000o\000r\000\040\000E\000f\000f\000e\000c\000t\000s\000\040\000o\000f\000\040\000V\000a\000r\000i\000o\000u\000s\000\040\000M\000u\000l\000t\000i\000p\000l\000i\000e\000r\000s\000\040}{section.5}% 15
\BOOKMARK [2][-]{subsection.5.3}{\376\377\000E\000x\000p\000e\000r\000i\000m\000e\000n\000t\000s\000\040\000f\000o\000r\000\040\000t\000h\000e\000\040\000U\000N\000K\000\040\000k\000e\000r\000n\000e\000l}{section.5}% 16
\BOOKMARK [1][-]{section.6}{\376\377\000C\000o\000n\000c\000l\000u\000s\000i\000o\000n\000s}{}% 17
\BOOKMARK [1][-]{appendix.A}{\376\377\000T\000h\000e\000o\000r\000e\000t\000i\000c\000a\000l\000\040\000D\000e\000r\000i\000v\000a\000t\000i\000o\000n\000s\000\040\000o\000f\000\040\000N\000N\000G\000P\000\040\000a\000n\000d\000\040\000N\000T\000K}{}% 18
\BOOKMARK [2][-]{subsection.A.1}{\376\377\000N\000N\000G\000P\000\040\000a\000n\000d\000\040\000N\000T\000K}{appendix.A}% 19
\BOOKMARK [1][-]{appendix.B}{\376\377\000F\000u\000l\000l\000\040\000P\000r\000o\000o\000f\000\040\000o\000f\000\040\000T\000h\000e\000o\000r\000e\000m\000\040\0001\000\040\000a\000n\000d\000\040\000T\000h\000e\000o\000r\000e\000m\000\040\0002}{}% 20
\BOOKMARK [1][-]{appendix.C}{\376\377\000F\000o\000r\000\040\000t\000h\000e\000\040\000c\000a\000s\000e\000\040\000o\000f\000\040\000=\0000}{}% 21
\BOOKMARK [1][-]{appendix.D}{\376\377\000U\000n\000i\000f\000o\000r\000m\000\040\000T\000i\000g\000h\000t\000n\000e\000s\000s\000\040\000o\000f\000\040\000K\000U\000N\000K\000\050\000l\000\051}{}% 22
\BOOKMARK [2][-]{subsection.D.1}{\376\377\000F\000u\000l\000l\000\040\000P\000r\000o\000o\000f\000\040\000o\000f\000\040\000L\000e\000m\000m\000a\000\040\0002}{appendix.D}% 23
\BOOKMARK [2][-]{subsection.D.2}{\376\377\000F\000u\000l\000l\000\040\000P\000r\000o\000o\000f\000\040\000o\000f\000\040\000L\000e\000m\000m\000a\000\040\0003}{appendix.D}% 24
\BOOKMARK [1][-]{appendix.E}{\376\377\000T\000i\000g\000h\000t\000\040\000B\000o\000u\000n\000d\000\040\000f\000o\000r\000\040\000C\000o\000n\000v\000e\000r\000g\000e\000n\000c\000e}{}% 25
\BOOKMARK [2][-]{subsection.E.1}{\376\377\000F\000u\000l\000l\000\040\000p\000r\000o\000o\000f\000\040\000o\000f\000\040\000T\000h\000e\000o\000r\000e\000m\000\040\0004}{appendix.E}% 26
\BOOKMARK [1][-]{appendix.F}{\376\377\000S\000u\000p\000p\000l\000e\000m\000e\000n\000t\000a\000r\000y\000\040\000E\000x\000p\000e\000r\000i\000m\000e\000n\000t\000a\000l\000\040\000R\000e\000s\000u\000l\000t\000s}{}% 27
