\BOOKMARK [1][-]{section.1}{Introduction}{}% 1
\BOOKMARK [1][-]{section.2}{Preliminaries}{}% 2
\BOOKMARK [1][-]{section.3}{Limiting NTK with All Wide Layers}{}% 3
\BOOKMARK [1][-]{section.4}{NTK Matrix with a Single Wide Layer}{}% 4
\BOOKMARK [2][-]{subsection.4.1}{Proof of Theorem 4.1.}{section.4}% 5
\BOOKMARK [1][-]{section.5}{Smallest Singular Values of Feature Matrices}{}% 6
\BOOKMARK [1][-]{section.6}{Lipschitz Constant of Feature Maps}{}% 7
\BOOKMARK [1][-]{section.7}{Further Related Work}{}% 8
\BOOKMARK [1][-]{section.8}{Conclusions and Open Problems}{}% 9
\BOOKMARK [1][-]{appendix.A}{Additional Notations}{}% 10
\BOOKMARK [1][-]{appendix.B}{Proof of Theorem 3.2}{}% 11
\BOOKMARK [1][-]{appendix.C}{Some Useful Estimates}{}% 12
\BOOKMARK [2][-]{subsection.C.1}{Proof of Lemma C.1}{appendix.C}% 13
\BOOKMARK [2][-]{subsection.C.2}{Proof of Lemma C.2}{appendix.C}% 14
\BOOKMARK [2][-]{subsection.C.3}{Proof of Lemma C.3}{appendix.C}% 15
\BOOKMARK [2][-]{subsection.C.4}{Proof of Lemma C.4}{appendix.C}% 16
\BOOKMARK [2][-]{subsection.C.5}{Proof of Lemma C.5}{appendix.C}% 17
\BOOKMARK [2][-]{subsection.C.6}{Proof of Lemma C.6}{appendix.C}% 18
\BOOKMARK [1][-]{appendix.D}{Missing Proofs from Section 4}{}% 19
\BOOKMARK [2][-]{subsection.D.1}{Proof of Corollary 4.2}{appendix.D}% 20
\BOOKMARK [2][-]{subsection.D.2}{Proof of Lemma 4.3}{appendix.D}% 21
\BOOKMARK [1][-]{appendix.E}{Missing Proofs from Section 5}{}% 22
\BOOKMARK [2][-]{subsection.E.1}{Proof of Lemma 5.2}{appendix.E}% 23
\BOOKMARK [2][-]{subsection.E.2}{Proof of Lemma 5.3}{appendix.E}% 24
\BOOKMARK [2][-]{subsection.E.3}{Proof of Lemma 5.4}{appendix.E}% 25
\BOOKMARK [2][-]{subsection.E.4}{Proof of Lemma 5.5}{appendix.E}% 26
\BOOKMARK [1][-]{appendix.F}{Missing Proofs from Section 6}{}% 27
\BOOKMARK [2][-]{subsection.F.1}{Proof of Theorem 6.2}{appendix.F}% 28
\BOOKMARK [2][-]{subsection.F.2}{Proof of Lemma 6.1}{appendix.F}% 29
\BOOKMARK [2][-]{subsection.F.3}{Proof of Lemma F.2}{appendix.F}% 30
