\BOOKMARK [1][-]{section.1}{Introduction}{}% 1
\BOOKMARK [2][-]{subsection.1.1}{Summary of contributions}{section.1}% 2
\BOOKMARK [2][-]{subsection.1.2}{Related literature}{section.1}% 3
\BOOKMARK [1][-]{section.2}{Background}{}% 4
\BOOKMARK [2][-]{subsection.2.1}{Neural network model and kernel matrices}{section.2}% 5
\BOOKMARK [2][-]{subsection.2.2}{Eigenvalue distributions, Stieltjes transforms, and the Marcenko-Pastur map}{section.2}% 6
\BOOKMARK [1][-]{section.3}{Main results}{}% 7
\BOOKMARK [2][-]{subsection.3.1}{Assumptions}{section.3}% 8
\BOOKMARK [2][-]{subsection.3.2}{Spectrum of the Conjugate Kernel}{section.3}% 9
\BOOKMARK [2][-]{subsection.3.3}{Spectrum of the Neural Tangent Kernel}{section.3}% 10
\BOOKMARK [2][-]{subsection.3.4}{Extension to multi-dimensional outputs and rescaled parametrizations}{section.3}% 11
\BOOKMARK [1][-]{section.4}{Experiments}{}% 12
\BOOKMARK [2][-]{subsection.4.1}{Simulated Gaussian training data}{section.4}% 13
\BOOKMARK [2][-]{subsection.4.2}{CIFAR-10 training data}{section.4}% 14
\BOOKMARK [2][-]{subsection.4.3}{CK and NTK spectra after training}{section.4}% 15
\BOOKMARK [1][-]{section.5}{Conclusion}{}% 16
\BOOKMARK [1][-]{appendix.A}{Numerical solution of the fixed-point equations}{}% 17
\BOOKMARK [1][-]{appendix.B}{Proof of \(,B\)-orthonormality for independent input training samples}{}% 18
\BOOKMARK [1][-]{appendix.C}{Overview of proofs and preliminary lemmas}{}% 19
\BOOKMARK [1][-]{appendix.D}{Propagation of approximate pairwise orthogonality}{}% 20
\BOOKMARK [1][-]{appendix.E}{Resolvent analysis for a single layer}{}% 21
\BOOKMARK [2][-]{subsection.E.1}{Basic bounds}{appendix.E}% 22
\BOOKMARK [2][-]{subsection.E.2}{Resolvent approximation}{appendix.E}% 23
\BOOKMARK [2][-]{subsection.E.3}{Proof of Lemma E.2}{appendix.E}% 24
\BOOKMARK [1][-]{appendix.F}{Analysis for the Conjugate Kernel}{}% 25
\BOOKMARK [1][-]{appendix.G}{Analysis for the Neural Tangent Kernel}{}% 26
\BOOKMARK [2][-]{subsection.G.1}{Spectral approximation and operator norm bound}{appendix.G}% 27
\BOOKMARK [2][-]{subsection.G.2}{Unique solution of the fixed-point equation}{appendix.G}% 28
\BOOKMARK [2][-]{subsection.G.3}{Proof of Proposition 3.6 and Theorem 3.7}{appendix.G}% 29
\BOOKMARK [1][-]{appendix.H}{Multi-dimensional outputs and rescaled parametrizations}{}% 30
\BOOKMARK [2][-]{subsection.H.1}{Derivation of \(17\) from gradient flow training}{appendix.H}% 31
\BOOKMARK [2][-]{subsection.H.2}{Proof of Theorem 3.8}{appendix.H}% 32
\BOOKMARK [1][-]{appendix.I}{Reduction to result of Pennington and Worah pennington2017nonlinear for one hidden layer}{}% 33
\BOOKMARK [1][-]{appendix.J}{Additional simulation results}{}% 34
\BOOKMARK [2][-]{subsection.J.1}{Pairwise orthogonality of training samples}{appendix.J}% 35
\BOOKMARK [2][-]{subsection.J.2}{CK and NTK spectra for CIFAR-10 without removal of leading PCs}{appendix.J}% 36
\BOOKMARK [2][-]{subsection.J.3}{Example images of CIFAR-10 with/without leading PCs}{appendix.J}% 37
\BOOKMARK [2][-]{subsection.J.4}{Observed and limit CK spectra for all layers}{appendix.J}% 38
\BOOKMARK [2][-]{subsection.J.5}{CK spectrum after training on a CIFAR-10 example}{appendix.J}% 39
